{"C:\\Users\\DIPAK\\Desktop\\todo-cli\\src\\utils\\fileHandler.ts": {"path":"C:\\Users\\DIPAK\\Desktop\\todo-cli\\src\\utils\\fileHandler.ts","statementMap":{"0":{"start":{"line":1,"column":0},"end":{"line":1,"column":20}},"1":{"start":{"line":4,"column":15},"end":{"line":4,"column":26}},"2":{"start":{"line":7,"column":29},"end":{"line":9,"column":1}},"3":{"start":{"line":8,"column":2},"end":{"line":8,"column":18}},"4":{"start":{"line":7,"column":13},"end":{"line":7,"column":29}},"5":{"start":{"line":11,"column":25},"end":{"line":19,"column":1}},"6":{"start":{"line":12,"column":2},"end":{"line":12,"column":42}},"7":{"start":{"line":12,"column":32},"end":{"line":12,"column":42}},"8":{"start":{"line":13,"column":2},"end":{"line":18,"column":3}},"9":{"start":{"line":14,"column":17},"end":{"line":14,"column":51}},"10":{"start":{"line":15,"column":4},"end":{"line":15,"column":38}},"11":{"start":{"line":17,"column":4},"end":{"line":17,"column":14}},"12":{"start":{"line":11,"column":13},"end":{"line":11,"column":25}},"13":{"start":{"line":21,"column":25},"end":{"line":23,"column":1}},"14":{"start":{"line":22,"column":2},"end":{"line":22,"column":61}},"15":{"start":{"line":21,"column":13},"end":{"line":21,"column":25}},"16":{"start":{"line":25,"column":23},"end":{"line":36,"column":1}},"17":{"start":{"line":26,"column":16},"end":{"line":26,"column":27}},"18":{"start":{"line":27,"column":14},"end":{"line":27,"column":38}},"19":{"start":{"line":28,"column":24},"end":{"line":32,"column":4}},"20":{"start":{"line":33,"column":2},"end":{"line":33,"column":22}},"21":{"start":{"line":34,"column":2},"end":{"line":34,"column":19}},"22":{"start":{"line":35,"column":2},"end":{"line":35,"column":17}},"23":{"start":{"line":25,"column":13},"end":{"line":25,"column":23}},"24":{"start":{"line":38,"column":24},"end":{"line":47,"column":1}},"25":{"start":{"line":39,"column":16},"end":{"line":39,"column":27}},"26":{"start":{"line":40,"column":2},"end":{"line":43,"column":3}},"27":{"start":{"line":41,"column":4},"end":{"line":41,"column":50}},"28":{"start":{"line":42,"column":4},"end":{"line":42,"column":11}},"29":{"start":{"line":44,"column":2},"end":{"line":44,"column":34}},"30":{"start":{"line":45,"column":2},"end":{"line":45,"column":19}},"31":{"start":{"line":46,"column":2},"end":{"line":46,"column":61}},"32":{"start":{"line":38,"column":13},"end":{"line":38,"column":24}}},"fnMap":{"0":{"name":"(anonymous_1)","decl":{"start":{"line":7,"column":29},"end":{"line":7,"column":30}},"loc":{"start":{"line":7,"column":46},"end":{"line":9,"column":1}}},"1":{"name":"(anonymous_2)","decl":{"start":{"line":11,"column":25},"end":{"line":11,"column":36}},"loc":{"start":{"line":11,"column":38},"end":{"line":19,"column":1}}},"2":{"name":"(anonymous_3)","decl":{"start":{"line":21,"column":25},"end":{"line":21,"column":26}},"loc":{"start":{"line":21,"column":43},"end":{"line":23,"column":1}}},"3":{"name":"(anonymous_4)","decl":{"start":{"line":25,"column":23},"end":{"line":25,"column":24}},"loc":{"start":{"line":25,"column":50},"end":{"line":36,"column":1}}},"4":{"name":"(anonymous_5)","decl":{"start":{"line":38,"column":24},"end":{"line":38,"column":25}},"loc":{"start":{"line":38,"column":69},"end":{"line":47,"column":1}}}},"branchMap":{"0":{"loc":{"start":{"line":12,"column":2},"end":{"line":12,"column":42}},"type":"if","locations":[{"start":{"line":12,"column":2},"end":{"line":12,"column":42}},{"start":{},"end":{}}]},"1":{"loc":{"start":{"line":40,"column":2},"end":{"line":43,"column":3}},"type":"if","locations":[{"start":{"line":40,"column":2},"end":{"line":43,"column":3}},{"start":{},"end":{}}]},"2":{"loc":{"start":{"line":40,"column":6},"end":{"line":40,"column":40}},"type":"binary-expr","locations":[{"start":{"line":40,"column":6},"end":{"line":40,"column":15}},{"start":{"line":40,"column":19},"end":{"line":40,"column":40}}]}},"s":{"0":1,"1":1,"2":1,"3":3,"4":1,"5":1,"6":7,"7":4,"8":3,"9":3,"10":3,"11":0,"12":1,"13":1,"14":3,"15":1,"16":1,"17":2,"18":2,"19":2,"20":2,"21":2,"22":2,"23":1,"24":1,"25":2,"26":2,"27":1,"28":1,"29":1,"30":1,"31":1,"32":1},"f":{"0":3,"1":7,"2":3,"3":2,"4":2},"b":{"0":[4,3],"1":[1,1],"2":[2,2]}}
}
