TN:
SF:src\utils\fileHandler.ts
FN:7,(anonymous_1)
FN:11,(anonymous_2)
FN:21,(anonymous_3)
FN:25,(anonymous_4)
FN:38,(anonymous_5)
FNF:5
FNH:5
FNDA:3,(anonymous_1)
FNDA:7,(anonymous_2)
FNDA:3,(anonymous_3)
FNDA:2,(anonymous_4)
FNDA:2,(anonymous_5)
DA:1,1
DA:4,1
DA:7,1
DA:8,3
DA:11,1
DA:12,7
DA:13,3
DA:14,3
DA:15,3
DA:17,0
DA:21,1
DA:22,3
DA:25,1
DA:26,2
DA:27,2
DA:28,2
DA:33,2
DA:34,2
DA:35,2
DA:38,1
DA:39,2
DA:40,2
DA:41,1
DA:42,1
DA:44,1
DA:45,1
DA:46,1
LF:27
LH:26
BRDA:12,0,0,4
BRDA:12,0,1,3
BRDA:40,1,0,1
BRDA:40,1,1,1
BRDA:40,2,0,2
BRDA:40,2,1,2
BRF:6
BRH:6
end_of_record
